<?xml version="1.0" encoding="UTF-8"?>
<!-- Generated by org.testng.reporters.JUnitXMLReporter -->
<testsuite hostname="Erfan" name="order" tests="6" failures="0" timestamp="31 May 2016 12:41:09 GMT" time="70.356" errors="0">
  <testcase name="@BeforeTest setUp" time="0.0" classname="test.user.AddContents">
    <failure type="org.openqa.selenium.NoSuchElementException" message="no such element: Unable to locate element: {&amp;quot;method&amp;quot;:&amp;quot;xpath&amp;quot;,&amp;quot;selector&amp;quot;:&amp;quot;//*[@id=&amp;quot;js-signin-email&amp;quot;]&amp;quot;}
  (Session info: chrome=50.0.2661.102)
  (Driver info: chromedriver=2.20.353145 (343b531d31eeb933ec778dbcf7081628a1396067),platform=Windows NT 6.3 x86_64) (WARNING: The server did not provide any stacktrace information)
Command duration or timeout: 30.03 seconds
For documentation on this error, please visit: http://seleniumhq.org/exceptions/no_such_element.html
Build info: version: &amp;apos;2.48.2&amp;apos;, revision: &amp;apos;41bccdd&amp;apos;, time: &amp;apos;2015-10-09 19:59:12&amp;apos;
System info: host: &amp;apos;Erfan&amp;apos;, ip: &amp;apos;192.168.5.114&amp;apos;, os.name: &amp;apos;Windows 8.1&amp;apos;, os.arch: &amp;apos;amd64&amp;apos;, os.version: &amp;apos;6.3&amp;apos;, java.version: &amp;apos;1.8.0_25&amp;apos;
Driver info: org.openqa.selenium.chrome.ChromeDriver
Capabilities [{applicationCacheEnabled=false, rotatable=false, mobileEmulationEnabled=false, chrome={userDataDir=C:\Users\Lenovo\AppData\Local\Temp\scoped_dir2752_13278}, takesHeapSnapshot=true, databaseEnabled=false, handlesAlerts=true, hasTouchScreen=false, version=50.0.2661.102, platform=WIN8_1, browserConnectionEnabled=false, nativeEvents=true, acceptSslCerts=true, locationContextEnabled=true, webStorageEnabled=true, browserName=chrome, takesScreenshot=true, javascriptEnabled=true, cssSelectorsEnabled=true}]
Session ID: 2fd7912efb92dbf4474a52e2539d3288
*** Element info: {Using=xpath, value=//*[@id=&amp;quot;js-signin-email&amp;quot;]}">
      <![CDATA[org.openqa.selenium.NoSuchElementException: no such element: Unable to locate element: {"method":"xpath","selector":"//*[@id="js-signin-email"]"}
  (Session info: chrome=50.0.2661.102)
  (Driver info: chromedriver=2.20.353145 (343b531d31eeb933ec778dbcf7081628a1396067),platform=Windows NT 6.3 x86_64) (WARNING: The server did not provide any stacktrace information)
Command duration or timeout: 30.03 seconds
For documentation on this error, please visit: http://seleniumhq.org/exceptions/no_such_element.html
Build info: version: '2.48.2', revision: '41bccdd', time: '2015-10-09 19:59:12'
System info: host: 'Erfan', ip: '192.168.5.114', os.name: 'Windows 8.1', os.arch: 'amd64', os.version: '6.3', java.version: '1.8.0_25'
Driver info: org.openqa.selenium.chrome.ChromeDriver
Capabilities [{applicationCacheEnabled=false, rotatable=false, mobileEmulationEnabled=false, chrome={userDataDir=C:\Users\Lenovo\AppData\Local\Temp\scoped_dir2752_13278}, takesHeapSnapshot=true, databaseEnabled=false, handlesAlerts=true, hasTouchScreen=false, version=50.0.2661.102, platform=WIN8_1, browserConnectionEnabled=false, nativeEvents=true, acceptSslCerts=true, locationContextEnabled=true, webStorageEnabled=true, browserName=chrome, takesScreenshot=true, javascriptEnabled=true, cssSelectorsEnabled=true}]
Session ID: 2fd7912efb92dbf4474a52e2539d3288
*** Element info: {Using=xpath, value=//*[@id="js-signin-email"]}
	at org.openqa.selenium.remote.ErrorHandler.createThrowable(ErrorHandler.java:206)
	at org.openqa.selenium.remote.ErrorHandler.throwIfResponseFailed(ErrorHandler.java:158)
	at org.openqa.selenium.remote.RemoteWebDriver.execute(RemoteWebDriver.java:647)
	at org.openqa.selenium.remote.RemoteWebDriver.findElement(RemoteWebDriver.java:353)
	at org.openqa.selenium.remote.RemoteWebDriver.findElementByXPath(RemoteWebDriver.java:490)
	at org.openqa.selenium.By$ByXPath.findElement(By.java:361)
	at org.openqa.selenium.remote.RemoteWebDriver.findElement(RemoteWebDriver.java:345)
	at lib.common.TestDriver.getElement(TestDriver.java:173)
	at lib.common.WebPage.clearField(WebPage.java:138)
	at lib.User.Login.performLogin(Login.java:42)
	at test.user.AddPageInBook.setUp(AddPageInBook.java:34)
... Removed 26 stack frames]]>
    </failure>
  </testcase> <!-- @BeforeTest setUp -->
  <testcase name="@BeforeTest setUp" time="0.0" classname="test.user.AddContents">
    <skipped/>
  </testcase> <!-- @BeforeTest setUp -->
  <testcase name="@BeforeTest setUp" time="0.0" classname="test.user.AddContents">
    <skipped/>
  </testcase> <!-- @BeforeTest setUp -->
  <testcase name="testAddContentsInBookPage" time="0.004" classname="test.user.AddContents">
    <skipped/>
  </testcase> <!-- testAddContentsInBookPage -->
  <testcase name="testAddContentsInBooklessPage" time="0.004" classname="test.user.AddContents">
    <skipped/>
  </testcase> <!-- testAddContentsInBooklessPage -->
  <testcase name="testCreateBookPagePositiveScenarios" time="0.033" classname="test.user.AddPageInBook">
    <skipped/>
  </testcase> <!-- testCreateBookPagePositiveScenarios -->
  <testcase name="testCreateBookEmpty" time="0.007" classname="test.user.CreateBook">
    <skipped/>
  </testcase> <!-- testCreateBookEmpty -->
  <testcase name="testCreateBookPositiveScenarios" time="0.003" classname="test.user.CreateBook">
    <skipped/>
  </testcase> <!-- testCreateBookPositiveScenarios -->
  <testcase name="testCreateBooklessPagePositiveScenarios" time="0.002" classname="test.user.CreateBooklessPage">
    <skipped/>
  </testcase> <!-- testCreateBooklessPagePositiveScenarios -->
</testsuite> <!-- order -->
